3 146 139 183
2 10 274
3 170 118 229
3 57 283 173
4 174 122 248 46
3 79 3 31
1 242
2 200 43
2 114 149
3 204 90 84
2 258 240
2 113 67
2 11 264
2 198 293
2 281 272
3 171 70 280
2 243 255
4 39 76 199 270
3 60 254 1
4 99 217 124 17
2 111 208
3 284 81 130
3 246 201 231
2 244 206
2 18 106
3 214 235 115
4 220 263 83 169
2 121 20
3 144 42 132
2 185 228
3 224 64 78
2 68 238
3 21 269 279
3 226 195 153
3 134 82 94
3 137 160 178
2 125 104
3 19 26 145
4 245 172 191 151
3 227 158 49
3 105 61 192
5 58 267 166 287 165
3 218 131 278
2 271 297
3 150 298 262
3 282 22 55
3 96 147 120
5 210 40 86 93 2
3 74 190 77
2 7 112
2 107 152
3 4 187 219
5 136 28 222 5 52
4 273 237 291 175
2 63 223
3 8 27 176
2 15 59
2 92 98
3 156 23 30
3 133 239 142
2 285 288
3 290 230 289
2 62 141
3 72 24 181
4 276 128 268 143
4 34 261 163 97
4 159 209 45 66
4 110 188 109 69
3 88 14 135
3 260 236 257
3 213 6 251
3 95 157 233
3 203 202 250
3 162 140 194
3 13 25 100
4 161 29 253 123
3 127 177 47
3 148 73 189
3 294 56 205
3 184 129 35
3 275 91 154
4 41 44 138 211
3 103 232 126
3 164 299 12
3 80 119 9
3 87 225 16
3 259 197 51
4 108 32 117 182
3 168 241 266
3 75 38 256
3 249 207 215
3 116 101 247
3 212 48 186
3 85 193 196
3 54 102 292
3 167 277 155
3 216 295 252
3 180 286 265
3 296 89 37
3 0 50 71
