37 9446 4944 9606 5400 5726 489 572 5911 4396 3228 4914 2833 5379 8732 3576 6965 3852 5099 9843 6158 2089 6548 5180 1061 9074 1728 6828 638 31 378 3289 4592 6271 4866 6663 2791 7364
22 2563 8386 8717 1080 1659 4903 7201 5303 6750 4559 4856 7122 3846 4930 6253 3175 4902 5539 3325 4842 3788 7434
22 6056 4967 811 9646 2293 3347 236 117 8458 8309 9482 2397 4599 4617 4276 5479 9077 4609 9701 279 6095 8209
29 4474 7529 1590 1558 6379 2770 5457 2207 9274 7472 8222 4215 1507 9290 7836 9717 4056 9946 9663 29 9879 9569 6661 6478 455 3661 6356 1316 427
23 8854 3860 5984 5237 2640 2752 4286 7406 9571 2680 4527 8358 9575 778 7340 2235 8109 6438 211 3615 4991 6894 9715
23 6891 7222 6935 2930 5990 6779 5353 9350 8914 8182 3637 7802 5289 5024 2682 7344 7859 8223 4125 4493 5733 342 4675
22 8896 8415 1036 2573 9816 9391 5188 6309 3341 2722 3791 4028 1698 4601 1774 9609 7212 5447 4752 6775 9269 5363
19 2672 1846 7695 6363 5585 1588 2096 2027 987 5314 997 1490 5820 6048 6376 5493 9928 3337 7669
22 9321 4922 9460 1192 3264 5005 9773 8865 8328 1767 5879 1899 1524 9278 4288 6846 6607 2945 744 6863 7826 4245
39 2586 625 457 144 2304 6504 2018 975 4193 51 1647 2935 7877 710 3983 958 7630 6494 3718 3397 6342 2529 2160 4505 7717 6688 5864 7164 12 5471 1464 951 2481 3872 825 4097 2582 1793 6216
30 8085 9417 1746 3618 434 4001 2840 6686 6854 4562 313 5036 2370 5063 2428 7088 3662 2411 7141 9432 7571 9682 8287 6501 3586 2285 8363 2398 5527 2170
21 7545 4994 9699 5566 5658 1441 2608 9936 5748 6515 9545 7958 2019 8436 2032 4434 3013 285 9518 4142 786
20 2823 9791 191 9019 9790 1229 3854 2489 848 878 7525 4658 8509 8338 3458 4843 325 9922 1075 8664
21 957 6754 4824 421 4739 899 4472 1777 2071 532 5550 6456 9280 7588 5718 7558 9469 2299 7314 8692 5203
19 8339 6699 4050 6844 3114 6994 739 9889 6033 3817 4430 4294 1968 5752 7909 7218 355 3600 5762
35 1359 8492 3855 2343 5058 1904 8076 1839 5012 168 5983 2184 6429 1029 5104 6653 8196 4924 8380 1019 3712 18 1874 3729 121 4228 7810 8077 2959 3664 8574 5029 4418 2630 9741
21 9440 8143 5387 2747 4530 7464 9461 670 1872 8008 8145 1952 5994 9453 3978 9683 1973 6417 1201 4982 7913
39 6488 6461 7309 1835 5333 1260 4030 8532 8876 1680 4440 3147 8007 9177 5978 4496 8804 8331 4711 4626 5339 8408 6926 8716 8308 149 1254 6745 1404 5231 575 4518 3074 2075 6842 2957 8631 9255 3818
36 3210 6857 4442 1515 1076 6341 1433 358 7875 7935 4179 777 7310 7673 4557 9929 6571 1343 2356 1529 9602 5300 1583 1538 1682 5795 3710 2572 6311 6028 9505 4512 7537 2936 4978 9138
22 295 6543 4754 1139 3268 5423 8726 2637 4395 9084 9737 4782 3127 3065 475 6841 7912 3594 8671 4441 8473 9245
38 8246 4766 3560 9120 6421 4076 4015 1127 1519 8573 4316 9655 8185 32 7233 7013 9387 180 8868 3365 767 2317 3469 9539 6602 732 3219 9524 6222 2627 3959 8731 9723 5621 2781 6952 1397 7456
22 862 4543 450 5115 7442 4175 4948 2136 5887 8723 59 822 334 8661 3269 5727 388 1495 812 6957 944 1979
34 7426 3756 2803 2005 2940 6516 9678 7691 4809 9851 7304 6357 1329 8844 1097 143 7058 2527 6977 226 3473 1087 3597 8719 2669 9036 2392 5120 4993 6797 4061 8343 3014 2571
40 2635 6340 3240 4757 2396 8074 7180 3667 8264 6553 9153 4201 1206 3686 989 6837 1272 2663 4868 4886 7627 622 5190 4265 9620 3848 9878 6916 5466 172 1601 1295 9573 3956 2585 9782 277 5690 7577 9895
39 4049 3911 1051 1554 8250 6519 1302 5969 1692 8213 6238 9370 3502 6418 6539 8210 3596 2420 5853 5338 7303 293 4463 4267 826 3438 442 7154 5261 8559 7090 6988 9991 4643 4540 4965 5836 4747 7688
21 1938 6062 8286 3659 9129 5066 2053 5433 9495 409 833 1825 5828 1621 8796 8283 2432 3790 3945 3789 3413
40 5062 5557 5213 9042 8053 2126 8417 3997 8553 3037 1532 3362 3606 2539 6809 3700 920 5627 5884 8491 7582 1026 1072 9146 6254 6560 7376 6260 4664 4459 5725 9912 3779 7804 6821 8298 836 6142 511 9958
39 2414 4878 1816 8949 1241 4252 6859 1258 720 8588 4726 3484 8558 7118 9996 7385 2364 2660 705 9521 4220 9369 8449 7252 6541 3996 809 6022 4798 6059 2329 587 5667 2059 6269 6830 3870 5707 3708
21 7080 5801 330 3951 4910 4181 1300 9753 8848 5183 4292 6574 4344 5579 9261 7656 7750 9070 1480 8825 6886
37 7313 7494 6623 3763 1210 949 4137 9324 1370 5603 2502 567 5073 9763 4277 8175 5484 6343 7262 4159 8091 1155 5518 8104 1857 5016 6713 8110 127 7951 3522 7837 7965 7194 5227 8805 9212
19 8579 4170 7384 7890 6995 3332 4673 1525 2132 391 2052 3839 3321 4448 6462 7626 1216 5047 8405
23 8315 3665 288 3620 1795 3836 5637 1299 1759 2955 7328 8931 1489 8094 4829 9712 2475 5295 1732 5927 7959 6372 7254
22 816 328 4802 5244 9963 9989 3934 2601 1301 9720 2656 71 6114 8915 8621 2757 3043 5150 8839 9199 2880 4563
30 1808 4671 9942 6493 3696 6580 3297 2435 8728 7614 4844 5106 683 2761 8630 1783 7676 5357 9676 2696 1157 6116 5872 8633 4790 7306 5560 9865 79 9563
40 2766 1556 5632 6000 1760 1160 6919 5369 6824 1104 5292 259 4160 8560 4845 1537 1502 772 5267 3189 723 3613 4036 828 1869 9291 6534 9576 1958 9679 9778 5650 574 3958 1473 7294 1551 6173 2611 8618
20 3782 5206 3698 7575 6822 4722 8022 8389 1427 991 2826 8426 1552 7307 9507 7248 444 9085 5469 9132
22 1769 5673 6245 5153 3295 9708 164 8249 4306 1423 648 3721 3543 2500 3063 7757 9119 8843 8420 2602 4513 151
37 8546 7569 3099 7543 7723 2057 5170 6473 2595 2735 1023 5611 2632 2369 4280 6078 354 1591 9656 7293 2190 5932 8965 1479 1957 6717 1765 891 396 4352 145 5591 824 4235 9768 6413 4964
21 962 474 8934 5129 6748 7625 6027 6643 7489 1064 7097 161 8335 6993 5027 5775 7221 5272 535 4233 4772
21 7566 8434 9732 6973 8615 970 2232 8441 9885 6233 1349 1589 9833 213 5971 775 1906 9528 8459 8704 8357
22 4473 6578 9227 1278 8063 7992 2106 6752 7111 4641 3166 6820 8857 3284 9279 3889 9681 9525 2521 2460 864 155
22 1387 5865 8872 309 682 2745 2470 9436 6860 7091 9780 4376 7025 5504 8475 1736 7733 7231 9144 6132 8181 4024
22 9738 4804 5326 7439 659 3412 5522 5925 7356 9798 4958 1688 1292 8352 3132 4167 4955 9776 7133 97 4203 4816
40 1785 8394 9747 8130 3898 4304 851 190 2843 1694 6460 9303 1314 7012 9876 3301 2740 5464 9726 9644 1234 7827 217 8451 5184 4907 6907 5386 8516 5032 1446 8011 8317 8589 6564 1738 6179 2504 4916 4087
41 7643 8607 5149 5545 6284 4250 4495 4597 9310 1620 9254 995 1460 3635 3390 3152 4814 1654 5980 9801 7170 8280 7818 7905 2824 2732 6076 218 7616 9143 9099 8880 3653 4590 8270 4502 7854 7947 6164 1921 7207
22 1472 3628 8710 2 7985 375 7572 3001 5163 8398 400 5412 9309 5093 9707 254 4033 2327 905 2596 3077 2455
20 9284 1247 8400 896 9484 1740 8968 4341 7670 4945 5442 6206 6915 5006 7763 52 2333 1563 5271 6243
20 9688 1531 6475 1560 2746 6262 33 5315 2947 1986 8943 5282 1223 5804 6350 4740 2886 6394 28 5576
42 3039 9925 8383 2365 9352 9627 7158 964 3182 6535 6344 6531 4019 92 4098 4637 6451 7081 1780 1806 6333 1534 5753 9972 1297 1633 3081 4927 6833 253 6358 5256 9904 937 9094 6157 2386 5562 212 5033 9154 2894
38 7613 1285 8118 6030 931 221 5916 1932 2562 7450 3825 3955 3246 4011 66 5394 2910 4595 176 1384 2575 5088 9657 3542 5728 9032 2976 486 5711 1428 3421 8928 6947 8360 7315 3375 3952 6091
40 1595 4996 9884 3380 4567 9864 9533 383 5343 3565 2426 3134 1483 1885 9931 274 7737 1781 6476 7083 2172 6825 5452 9623 7101 4999 9022 485 4531 8695 8409 5787 321 8744 1522 6061 8898 3504 8009 7649
21 4634 9820 34 3866 1575 2295 513 2679 5822 8466 1000 8861 8278 382 318 8667 613 9509 6789 6346 5264
24 8653 7031 1670 9224 5148 9915 703 3203 2403 7671 3813 7925 1709 6085 9135 5230 5652 9209 5287 9465 6839 8767 8064 2764
20 8948 336 5171 7249 6727 9485 3558 4575 4263 7815 3407 1948 6484 2424 1052 2484 5385 3252 9271 8071
22 1660 3534 1983 9669 2394 3917 3420 2039 8603 1683 3670 7007 8020 2342 7126 5643 3376 8429 1748 4725 5414 3725
18 9872 2795 8969 3476 3702 8526 6409 7105 6225 8294 5869 1249 4883 6768 4572 5194 1755 9744
38 558 8447 5529 9378 2906 3851 2622 1322 3904 7045 718 4988 8591 673 2151 9197 8972 4310 4860 9294 4333 1699 1232 3023 8838 1718 9557 6943 730 6901 4841 1615 5372 4422 3826 6810 8887 5666
25 3249 5837 1330 7698 7161 3323 7607 5323 5177 4079 7062 9970 1168 5818 403 7242 8124 5758 379 222 9671 3433 5923 8600 7954
34 4322 8835 6231 9076 768 8494 9675 5843 6185 9983 8659 7388 1553 2837 5648 8900 2592 6064 201 4283 1506 6583 3066 5660 7125 7542 8376 4947 8959 2807 4775 2810 1627 5823
22 4760 3505 5185 6374 678 6452 6299 8873 4348 6584 5059 8284 1405 4749 4199 2508 3047 1351 2839 8303 3140 8430
29 9054 2785 5881 5207 3036 7408 8831 8741 1326 1545 5592 5249 3094 8901 8295 6884 3824 9867 5444 6937 7140 6801 7501 4012 3424 2328 1834 2211 4479
20 7006 5475 3903 5910 4165 5499 9477 7768 9781 3481 21 9704 3819 2551 9595 5076 4946 759 9088 6070
40 8057 5097 7475 2472 5968 2873 8791 3745 7835 1419 6145 8538 1847 8871 938 101 6288 3089 4225 6047 146 1989 4485 9508 6659 6248 2990 3859 7791 4517 3601 5849 7008 8640 3106 4685 5681 1990 7272 6014
20 8404 5973 3781 1429 2101 6427 6971 5821 7812 9842 5309 7838 7150 844 7172 9066 4321 1565 657 1949
23 1434 9581 9194 7395 6250 2479 3536 8421 1750 2238 2525 9317 9771 6672 8821 2014 4776 9852 4555 2899 631 7821 9086
36 750 4060 7752 291 4628 7605 4185 3532 2078 4101 832 1905 9325 1918 5001 1213 6505 3178 3864 712 351 8576 2427 6838 8043 547 7478 9398 1105 9383 3366 9349 7654 6806 8629 6627
20 691 7132 281 7481 3164 9229 1174 7755 8912 7243 2178 9906 4090 1726 4072 5880 7210 9920 7640 959
39 3236 4246 9743 3044 3367 7865 1898 9853 1883 7761 2120 3241 3393 6502 2324 1616 7889 3276 3916 7874 5004 9305 9849 8929 7228 6293 7289 7094 2709 1705 5926 6762 5317 1211 2968 518 2157 7540 7010
41 6021 9037 3385 1250 785 6500 9272 5176 5100 5597 3191 2124 4825 6908 922 9547 8529 4244 2229 7479 9746 329 6852 1129 8169 8818 9978 978 9112 6867 205 1071 3161 8290 2969 4526 7270 1791 4712 9941 1648
19 4574 68 7552 8540 9937 6826 4454 9289 4647 1045 8721 345 643 9252 2714 1611 3539 454 6913
36 6638 9826 7042 6983 2201 9467 6205 5105 2175 8122 5501 2897 9769 4743 604 1469 6315 8233 9846 2023 5961 8428 5319 8772 25 8823 1181 516 9774 3840 8353 9188 4767 8351 1177 3810
22 6933 6956 2874 1148 780 7728 6616 2744 9660 4272 4564 2076 7989 4986 3894 3888 1456 4118 4742 2490 5094 7269
38 3611 7984 2777 9130 5680 9027 7349 5512 1602 1207 2924 1747 2354 4813 5842 8996 3602 8984 5676 1859 5243 7498 2340 4733 7505 2261 8002 749 453 677 5918 4793 2814 6149 341 2587 9204 5723
32 3452 8080 2384 627 6242 8924 5424 2247 9554 7038 5023 7284 2647 1934 6063 1494 8908 3799 1632 1941 3776 7403 469 5992 3165 5085 5039 9523 3527 9633 6533 6972
30 2636 3503 8919 9956 9751 3266 62 2918 3430 6606 9281 9952 7370 7682 7167 4080 8028 7292 6939 1884 7535 3053 9318 1318 7019 2063 3450 1287 7463 4811
38 2993 7343 7331 2141 5783 6676 2409 9338 7580 2509 5327 2705 8390 1838 5270 1050 762 7510 4853 6870 1438 6370 9176 8763 5571 4369 44 6920 2749 9828 9474 6755 1638 6235 1665 2406 7722 5193
20 5955 7235 7648 6815 7842 1340 9267 4579 2943 3982 5080 8255 5786 3939 1156 7628 4719 4429 6605 7274
22 3198 5492 3260 4607 9761 163 4298 7981 5975 7942 7939 2520 8446 2759 6692 3067 7622 5755 9156 4359 4285 2621
39 445 2864 9506 7699 684 8957 4621 2310 974 7727 1908 8855 7884 8254 1713 183 803 3432 3621 5362 1090 9206 4729 7902 5381 1841 6141 8810 1543 1881 4274 6184 3719 6094 5050 6680 5470 8395 8311
21 3171 665 9636 2401 1093 8365 2574 5401 3683 373 868 7432 2121 6508 2549 2888 6104 1950 8259 5061 1432
21 671 6683 915 7219 4455 5360 9665 7675 8874 7291 4153 1214 3798 4602 6624 1571 6466 6058 463 6529 4234
37 9211 4066 7011 2042 1380 5052 0 2477 3508 7082 3310 3011 376 2939 6968 4570 6443 2449 6118 3294 7339 3578 7857 2884 7601 6011 4615 9705 3760 9586 340 1323 2829 5717 1946 6055 6804
40 5370 612 854 3373 7147 1276 5857 4387 3018 615 4443 4266 1972 2903 3096 4756 2111 6946 9597 9102 3726 1501 5358 9514 2282 4510 1470 1800 7518 7107 5548 1022 2516 2380 2532 5042 7718 7460 3748 7417
32 746 2297 554 9755 7867 9096 5525 8958 8718 6547 5838 5189 4774 9855 3464 8378 8362 2631 2485 5640 1252 7211 3862 2476 7389 6774 7666 5521 856 8197 6660 6203
20 8099 9589 128 5553 4123 8992 3019 9939 8680 1360 4383 2852 9845 9935 6282 618 6124 8444 104 8557
22 2652 4338 747 1863 7845 1373 760 3465 1120 620 7036 8562 6763 2404 639 7196 4522 9405 5931 3792 1987 1455
40 7735 8568 9951 9052 3 1293 6990 4145 734 6609 9502 4667 2790 8149 5540 6492 302 2684 2259 5602 1284 5715 4209 880 7360 2177 8203 3614 2203 4702 9894 8272 7843 5970 8619 2215 8879 9481 9770 6090
38 2805 1143 5771 1140 2037 9263 6292 456 6747 5802 6800 1889 6434 55 5427 6741 9344 2187 2419 1845 6270 5165 7657 5025 9652 2553 6209 5232 1576 7544 9698 796 556 6435 4345 2879 2719 4678
21 7828 4303 5653 1614 2168 8046 5167 5875 3100 3086 9067 7824 1920 6143 9024 4477 6170 5567 912 4439 7945
36 1141 5147 7115 2715 8083 6869 5229 2838 3439 7916 4638 8859 5281 6811 5072 9616 449 756 8495 6589 5626 4075 4409 3224 8192 3045 2422 7413 3406 6798 5054 1875 7153 3048 2497 1289
41 1965 9248 4568 3519 7084 8162 2024 4795 1440 5302 4325 7876 2474 1320 3981 7258 8787 5982 5242 7476 8817 2081 6805 9449 897 5649 3447 2694 374 1790 3208 8845 6447 8682 368 120 2431 845 9827 7756 3399
41 9561 8952 3324 3612 5705 7087 9406 5253 1193 8655 7209 6191 564 387 1829 2114 48 6698 2341 8847 8171 7956 1513 3990 4651 1086 9977 948 8058 2691 5549 497 4380 8228 8374 2349 4708 2267 9556 5208 6422
29 9215 3496 8850 8890 4716 1612 2782 1194 2274 8877 9862 1044 8015 3941 3389 494 255 4202 8419 9028 2210 4324 1586 7967 7048 5009 3800 517 843
20 8039 9366 3149 1124 7980 5022 9762 2937 1089 7131 258 4985 6406 4779 4340 9999 2321 6734 1394 6126
21 3968 5608 5965 4777 3716 6816 8454 2950 2281 8593 3379 6354 1319 858 3974 6228 96 6396 6526 7095 7497
20 6808 5325 1468 5794 7151 8937 4069 4478 9619 1310 5238 6707 2389 1056 4371 9823 716 8973 5625 728
23 5919 9157 1704 1275 5151 4104 8746 3619 4205 1810 9270 2799 3286 4696 909 305 982 8614 1033 8016 9566 8570 7451
20 1415 8399 6970 1505 443 930 5850 5862 7651 4533 3975 5451 580 917 2387 1341 9480 9944 2861 7198
40 6424 8961 8740 8052 1758 5478 4116 4190 5293 5397 1622 2122 1085 2724 831 1070 7778 4509 7181 5841 6788 3964 6108 8531 1372 6702 8045 2065 9277 3943 3196 5809 3355 8060 2902 9018 9995 3444 9799 8670
21 9155 9538 6778 540 2051 5 1238 5772 4577 7305 686 6882 9464 3944 6904 8087 7353 5038 7632 8312 6144
20 1377 9568 4917 4697 4278 8442 7278 4799 7661 6263 4047 7560 4074 7491 9122 6384 17 6054 3395 8467
22 2452 275 9940 8282 8751 6767 8594 8737 6436 4110 8617 2325 116 3730 57 2125 2312 4645 7848 5616 2958 8354
38 2851 8561 6671 1113 7724 5117 1994 2644 484 3130 5068 5329 5768 2092 3807 2704 4139 6802 5628 8054 122 707 1982 7659 8160 1811 5629 892 8081 7677 8416 6823 9388 7850 9555 9882 4625 9700
41 4172 5030 7946 8513 1499 1631 5796 6244 1167 5510 5687 4460 6590 5395 1176 3759 7035 4230 5790 5806 8119 3773 7646 1569 9479 8951 963 5589 8690 5359 5173 5196 5559 4954 1079 2985 2786 8715 5044 900 6051
21 3877 8654 3501 2305 6445 4718 9955 901 5071 7037 7771 5347 986 8137 2464 8688 4232 5399 5708 6285 4308
20 993 6600 1756 1644 8681 3949 2774 9327 5384 5509 8505 5018 1650 406 4669 3073 461 3737 3761 7565
21 3233 6154 8017 5349 229 4867 2642 9380 7597 5474 8253 292 8686 1936 5732 2193 4693 7365 1624 3900 7137
43 4852 9031 2069 1862 9454 9322 7952 8201 8478 4194 8493 7484 1548 9218 4423 2845 8355 8221 3552 3408 6127 7825 6831 3591 8485 5624 441 5702 4905 181 1509 2703 2828 4680 4552 2400 8784 966 7399 5007 9802 7911 6787
23 3190 2146 9166 5997 9612 3283 3731 9394 6744 3156 2646 1309 5000 2017 3609 8926 7499 6850 1584 4187 246 7749 5544
41 2150 9822 8698 8543 6928 8950 5182 6966 5683 6295 9949 1980 3280 9089 9116 6701 559 4207 9471 5655 438 1159 6855 1827 1966 8622 4908 3098 2269 3547 2514 8750 3328 3697 2031 5021 946 3529 1778 3517 3595
19 5233 4122 1037 5298 7177 4553 1770 5084 4520 7345 8939 8345 6208 6220 9560 7217 4498 7398 2222
38 3384 7096 6959 9632 1178 1257 7719 2313 4229 5659 972 7282 2720 6192 1135 6362 2798 6724 4389 4806 945 2471 6089 7567 50 2025 2953 1378 4936 8068 7741 7789 7852 7004 5897 1212 1596 4901
22 3117 3827 8977 1926 9515 3411 2391 2687 7202 6847 5192 9821 6025 9 270 9794 3890 1623 7447 7710 2543 7145
21 654 5613 8781 4480 9033 7430 6634 7369 3500 3212 5793 9247 7072 4045 9877 9630 887 842 4372 776 433
21 3363 7708 6416 4151 4629 1794 1542 380 4031 6138 2808 3174 5306 7146 6545 1169 7808 7635 976 3217 458
38 4759 9336 1205 9806 2555 5051 6221 2794 4630 4900 4679 4990 4873 3435 7712 1504 5505 3319 4812 9337 2641 3689 1658 9608 5981 8556 7972 1237 652 6308 9064 9293 9869 6371 6240 362 7775 9418
39 7822 6001 1924 7969 9384 158 6566 7379 266 257 3194 8801 9158 4578 1353 5378 7437 3728 6469 8580 4029 9259 2588 3483 6981 4850 2491 7457 6577 7100 65 8596 1540 1739 764 3285 5473 233 4331
23 2600 4494 4390 1751 5669 2239 7144 9825 6522 6470 6331 2243 3431 8892 1796 8925 9091 8373 9419 5554 9911 6004 1475
33 13 6557 8523 4481 4717 4186 2775 9356 3651 4004 5523 3144 1493 8691 6684 8675 5299 4970 1013 1523 967 6803 8361 206 520 5792 5765 6799 6569 3687 4571 8018 1361
23 9858 5503 3383 8745 6790 5416 1095 4487 4545 4588 323 5964 9466 7532 4417 4317 3677 4106 5672 4023 5641 6401 4849
23 4141 9727 89 2963 338 6125 5368 6057 1253 1304 5530 4401 8734 510 4713 585 8982 7881 801 3638 1379 3342 2347
38 8407 8468 2649 3278 1961 343 4231 3830 6559 619 2725 1867 5852 8371 337 4815 6940 755 9511 1510 4859 6636 1447 1527 4108 2926 2095 3938 6136 6360 990 5092 3030 1533 9410 5988 4184 5921
38 7245 3235 1066 3735 2352 8381 9183 926 290 7409 8214 6814 3303 6716 3684 1383 3820 8396 2662 935 1703 4810 9486 9433 7998 6499 1594 7788 5747 390 6266 8978 8774 9697 2952 3071 1637 2388
22 6845 1062 9492 7026 6681 8178 8488 6793 8993 9634 4941 911 2818 5909 9355 6991 8217 538 3569 3052 9938 9649
39 8595 1364 5134 3524 8693 4887 8756 3103 8292 4885 2654 2928 223 4081 8279 7069 2972 2929 2045 8856 1722 1107 267 2117 1328 2483 6335 8174 2214 3354 2308 3057 5618 9645 1503 7165 3006 819 5453
22 9714 6770 6294 5675 4 1220 2279 3804 1998 2541 6277 8067 7928 5497 4218 3801 7681 9295 2453 8403 6219 9275
21 2711 5952 598 8237 3238 1198 5296 2707 8689 7352 6510 5848 4925 9552 7556 2697 6326 1265 4786 6383 9114
22 2378 7337 5209 4650 4622 4933 6049 6395 2728 4457 7419 8862 310 5874 1308 713 3886 3004 2754 6777 4854 6259
38 3183 7136 9246 1196 3005 8471 8991 9238 3489 565 9035 6773 6612 3568 4414 4838 5899 7168 9226 1355 366 9605 7658 7461 8985 4039 3351 1812 616 6159 2544 4548 6320 7885 6587 6656 7063 2994
39 5354 3765 487 6910 6876 9242 4282 8911 6300 5355 5514 6183 9007 3584 2882 7515 9734 4596 7964 4972 3793 9610 8905 3257 9905 7602 4042 5985 2094 9041 4384 3652 8236 8771 7697 9296 8932 7534 7326
22 9282 8207 2916 5612 9907 3722 6437 9186 9220 8794 7275 4565 5219 8864 7725 9050 8773 2113 3244 3466 8452 6122
37 6781 2996 6729 2599 7790 3881 1414 2499 550 5508 9654 2685 8038 1413 9810 9140 5957 3162 3245 2366 8508 2421 8922 9948 2434 7524 2962 4196 4973 3663 7938 4556 9403 9838 8753 7652 6491
21 9159 7179 4507 9785 3845 81 2337 8004 2457 3863 545 8956 9160 5152 6439 2462 5056 5495 6087 5871 7391
22 493 9718 3972 7922 3331 1715 2677 216 2242 1821 2989 1226 6954 9365 4420 3180 1840 2568 507 923 1850 9493
20 9328 528 8833 1985 7327 7296 9059 4521 2320 8878 9750 2977 8814 1636 8168 1376 7189 9611 9009 7530
21 1587 9662 4751 1100 6177 9258 5619 9107 3770 9818 9593 2780 6471 1171 981 4149 5154 9174 3142 8397 6645
30 42 994 9591 4937 1053 8697 1677 1151 1707 4640 3254 594 8047 4612 6298 9902 3896 6924 6725 1619 4508 3691 8014 4296 3688 3841 3112 5402 3649 7106
21 4960 5388 9202 8733 82 2912 91 6274 7142 1971 2590 5694 6115 2675 8762 815 2753 3891 7732 495 8030
20 1764 2793 2482 273 5448 473 743 3069 4040 7906 8144 5162 5450 1358 3102 8757 8563 9897 5807 765
38 3256 6597 2418 1417 6278 8933 7840 8005 576 1233 6651 8035 6272 4128 4112 2043 9653 3822 8208 1902 4242 3655 932 4783 5515 7713 9208 9476 2448 8893 9164 1270 4940 6974 1367 2155 6835 9604
21 1753 7704 2813 4217 9123 4355 9961 1368 6186 8040 9375 1799 2998 2944 7099 2581 7206 2488 6691 7226 7454
19 3425 8669 9868 7894 5263 5868 941 243 6708 5533 4147 680 2540 5622 9021 9709 72 5929 5089
22 8849 9740 3833 6402 1059 7603 6794 6007 2450 530 9308 6210 5699 2495 6174 5972 7779 1225 3885 2344 5754 6834
41 7609 8657 5564 5516 3455 3733 7016 8609 4692 1725 925 2909 9979 8616 8248 8886 2869 407 3359 2029 7573 5288 5283 4537 9631 9950 9572 7551 8522 1266 8164 4346 3148 4699 5845 950 2456 126 9192 3386 2423
23 4904 4260 4794 4214 7798 2914 7721 1592 3480 8638 7784 8258 7466 6098 2686 8135 7378 8029 4299 1823 4464 1984 8101
21 3592 2086 2330 1822 4152 5610 4566 252 2919 4684 7531 7429 7740 7114 984 86 6306 4648 6967 7325 6880
41 8551 8730 1768 7638 7020 2664 7870 9395 9415 1219 5119 9500 300 9311 861 5477 2206 8336 6120 6736 2458 1388 3739 2875 6465 661 5158 7453 4646 7770 1939 3274 3120 5507 7926 3305 8387 9431 2661 5211 7414
22 4065 2698 1339 5942 9735 4156 1639 939 5739 3304 2083 3546 8755 9490 2546 5695 633 8133 7879 4301 7599 139
33 9058 4661 2713 7380 8906 919 147 4356 1797 392 3506 9092 2390 6457 557 3920 5731 2407 7079 8997 9807 6468 4445 4971 6455 6694 9364 1900 2454 8535 859 6709 6506
38 3153 23 5528 8624 5999 5949 4302 174 9451 1242 5366 4818 9809 9287 4226 5268 5642 5422 524 774 8729 8411 4403 3947 6139 2383 4105 5275 6495 4895 8487 6442 9786 8268 8180 8314 4171 1445
23 1641 7918 3640 3064 1421 238 4514 9439 1836 4289 1082 8760 7267 228 3251 2666 7033 3605 9427 8041 8674 7797 3032
20 8267 5941 1818 817 6718 9537 5596 2161 431 569 7554 3923 2056 2970 7888 3571 5212 8230 4606 5143
29 3516 5467 736 4710 2801 7513 4589 5502 1218 7753 9497 1261 5606 4148 9409 884 3056 8138 4330 9333 137 4912 6917 6909 8510 4366 2559 8749 6169
23 666 553 3339 7279 2633 5144 2154 8572 2266 5168 3648 4898 6862 6849 8435 5839 2300 635 7500 1336 9758 8457 3624
21 1788 8125 5113 3259 571 5883 7777 8322 9203 7522 8350 3926 9010 5800 6611 3567 1346 2118 5977 9125 3874
36 9141 1312 1909 3844 3680 8281 3644 3192 2832 5490 3494 5791 9434 1892 7075 6594 4610 8626 5087 7420 5221 9813 5819 1815 9805 6921 7156 103 6881 7764 4586 2213 3334 3876 6632 5107
21 5604 4980 2554 6655 5826 6005 4053 3479 9393 7745 5601 4720 916 9008 623 7159 8414 1625 8098 6107 7092
21 4398 5967 8586 7707 1025 1138 4969 8518 5235 7190 4374 741 4402 863 1517 9757 6861 3085 4653 8524 9062
20 8725 4469 8983 477 7367 8884 7361 3556 356 2055 4687 7056 6291 4365 9047 6009 4654 6307 9142 7302
20 1109 3247 5886 16 3291 1283 184 5878 3784 9760 644 1303 9118 3747 7200 386 5131 4357 2742 7085
22 7427 7186 5966 8049 5520 8462 6099 4048 4889 5407 2867 8347 7990 5367 3054 4177 2979 3971 8269 5920 2733 3497
39 3511 2090 6046 8273 7667 8634 2762 106 9231 8944 1092 3392 3290 2004 3061 1894 2658 2174 9239 2787 4744 6592 9691 2987 9201 8542 8533 7411 2093 6929 4580 8195 5543 6513 561 7805 3188 5674 960
32 102 7855 3878 702 2769 3405 3267 6105 93 5556 437 893 5440 2355 6024 7298 669 6111 6403 8480 7027 3751 1463 423 8202 9101 6751 8747 4631 3015 1474 6783
38 7584 6152 3471 7449 432 9980 4323 800 9425 3487 8668 8623 2020 7846 6044 5577 7514 1789 9266 7634 2180 3070 9167 6911 983 9020 6325 1119 573 4762 8225 3008 5915 7422 6480 6596 1635 6479
41 4616 1035 810 6889 4715 1016 7203 956 1802 1132 3608 353 529 3695 6772 5565 9103 4162 2112 4781 6642 7594 9306 2856 823 1997 5665 4008 9759 509 8218 1288 5844 9444 3381 6969 1954 2565 3634 531 6906
38 8097 4349 1805 1442 4655 1133 7467 1888 3654 9442 4124 7400 7237 2413 6706 903 6963 248 7624 7372 7182 2074 9063 9301 464 3111 9713 3940 4412 3451 2041 3101 2670 3633 3159 6279 2367 2518
20 2368 2648 3361 2933 9190 8072 132 3858 3802 9919 6552 6352 7346 3463 4240 5614 2026 2650 1332 8923
24 6440 7318 7760 5245 7636 2430 1604 7239 2334 2064 2689 7743 1228 4136 9250 6892 264 3250 6204 8034 8291 9512 6034 3230
18 4077 9288 498 9592 2212 908 6866 7392 9314 6697 2040 2842 2817 4258 2692 6249 5605 1078
36 395 523 5511 850 3177 4639 1593 5639 5570 2511 2629 1630 5905 9411 9716 1977 7570 6232 6525 8275 8126 699 7220 3752 9065 2393 5391 2275 8830 9113 8918 1672 3868 3422 202 2338
38 6950 8364 1842 6463 2965 2236 4703 4273 9044 5277 413 3603 1919 6735 8148 9617 381 1931 347 4528 5710 6316 5776 3478 7074 9886 4961 5459 1393 47 8792 6883 1327 7841 3913 7908 1298 6172
40 3423 1831 6265 2459 1465 589 8320 402 2536 8541 2552 2011 9072 6728 5761 1530 9424 6726 2425 2173 7963 9341 2377 3002 6239 8433 7354 3141 2667 2478 7738 5215 3979 9615 1184 4832 8768 6133 6625 85
20 934 2351 7581 1049 2144 5201 9172 8274 9548 4168 8824 5691 664 234 112 583 2227 490 3394 5722
21 5262 7787 6482 5483 1890 9721 8375 4550 2233 8123 4140 2986 4428 1352 3753 1536 3960 5060 9429 8662 8785
23 9861 8504 6200 479 4219 6211 4093 5587 6562 2960 4204 7811 9222 3010 628 2348 6075 5541 7823 6792 5335 7547 1922
21 4523 3265 9200 968 2147 6766 1243 4672 4831 9093 1724 9300 9501 6399 9729 4700 3231 5043 1084 1065 6194
40 4115 1691 7421 3932 2186 7621 7117 3195 4446 7950 6997 8604 7549 5962 9326 4614 263 9647 1684 6193 6923 1274 3309 2443 6579 9348 3135 8112 8520 8554 8146 5633 3607 2616 5859 9580 119 6650 8816 6405
38 1386 9850 3302 2506 2768 5224 320 420 6084 8055 5647 9051 6386 339 7130 8780 1057 324 7350 3550 3935 6080 8127 7139 8393 1375 399 9962 2054 1263 3668 8986 7470 870 2530 4771 7134 7690
20 9888 6982 5324 8778 1024 8701 2359 7944 8256 2303 6268 4732 322 9414 3723 5485 1645 424 2898 4154
23 2734 7320 8121 7871 9459 1608 1264 4096 5580 6369 8235 8904 3835 9689 5405 2465 568 3897 5037 7425 9693 6608 9313
23 187 9351 5703 1348 7120 1964 7485 1203 996 7931 5070 6586 2188 3121 2811 3220 998 4737 7438 481 5778 9105 1528
39 3883 4662 8870 8003 2145 9752 1165 1342 7869 6015 9173 8769 3136 522 7018 8497 7563 9237 7446 8136 1646 7224 6241 312 3713 2964 4416 6408 7970 6305 3168 467 8105 5698 5635 3059 3570 4659 6207
38 1179 6130 1752 9695 9685 3410 304 4183 5759 9240 3675 2373 642 8666 1873 7271 3535 1910 807 5623 3673 9377 8243 2250 8672 2844 5569 9244 9080 4698 2123 9731 9968 8240 9860 7187 4539 7368
22 6669 5049 227 5472 8324 462 8651 9223 9182 5861 2835 84 4952 3488 805 838 5943 9264 3253 2362 827 1843
21 3815 2335 6155 8936 9097 1547 2021 4264 1668 3035 5169 3834 6486 1721 8348 3400 904 2690 5458 5866 3307
22 2209 377 7397 1520 9640 9165 385 9880 4247 9376 1166 5834 3622 6337 4551 7184 2593 8158 8921 3372 6023 2773
29 5798 8432 9891 3707 7773 3783 4394 4953 6872 6171 7873 237 9824 1453 5026 5081 1652 2665 3749 8521 1953 5785 783 7486 4255 7618 7332 8935 9542
40 9988 4949 3119 544 4436 7769 35 365 177 7703 3262 2050 8899 189 5132 9359 5737 649 3329 7283 7506 3617 2934 9205 459 2302 5408 9082 4381 6503 8658 7261 3985 2291 1313 4923 265 6537 6301 7234
23 9111 436 9361 1860 4926 9629 8834 2531 5223 1477 8988 7776 1163 1933 6941 5015 2739 3287 8226 5236 7333 165 6031
19 2265 846 5077 6961 2013 7149 2410 5769 6364 5420 7596 8775 7557 3470 6334 4305 591 4554 2002
22 7633 1425 9251 6620 7482 7637 9599 2674 425 5763 1852 1861 2643 9216 412 7276 6448 6223 3113 6678 1729 364
22 8172 7642 6497 5917 2252 8765 393 3587 8641 5028 4178 123 5600 5048 4368 4335 3650 2181 1656 6685 5421 3206
37 7995 188 2012 4400 8766 6411 9943 8812 4500 5547 9029 115 9844 3446 1068 8276 8321 3031 4846 6641 8998 1570 898 8323 8770 4337 7386 8987 6068 8501 8070 7174 7362 5991 9343 1363 647
40 9049 9360 3701 7982 2048 7436 2609 674 4174 8602 8808 3490 8337 603 5220 3437 1567 1848 478 7373 3282 162 6733 7892 1183 6273 2991 737 1305 7617 2834 3197 7029 3931 6404 8151 5877 7655 2623 1154
39 9543 2496 6151 2469 6556 9147 3741 6212 8687 9883 4431 8907 6367 4603 245 5546 3740 8684 2473 8822 4198 885 3823 543 8388 1443 735 1978 3946 2505 5398 2907 5432 1928 5953 8683 4014 7348 582
41 1408 1573 8026 3598 60 6348 1055 6359 4444 6795 4833 6224 1371 9792 2204 8578 3639 1195 3371 6314 8021 5172 7204 8252 5341 3995 8811 37 9766 105 2938 1975 1820 4600 1369 2371 2493 3472 6546 7049 2681
24 7662 27 1067 2736 9974 7185 7872 4385 9658 472 6856 4127 5137 7300 3382 2010 95 4538 2231 8116 1903 7550 2035 8863
41 138 6425 5031 3306 3992 4309 9315 3429 2280 3507 4547 7809 9256 3495 6930 6758 536 7003 5034 9234 3980 5922 7445 7987 6593 113 754 894 8567 2862 6704 9320 7968 9463 2273 7921 6639 6898 9527 9932 2451
22 1572 9692 8166 4279 9268 610 4358 8154 1555 1011 9110 2412 7312 3003 8882 9400 6079 8155 1710 2997 5563 5933
41 8946 7297 8177 8797 3462 5226 3292 5693 9055 3243 3887 2558 9368 584 8482 9207 1451 2287 2564 1578 5636 748 9402 8157 2655 5558 5657 6887 8955 1518 2866 4820 9765 769 7801 3468 8539 4956 7996 4789 9914
32 602 3104 3258 3921 3582 7519 6280 9565 4251 7405 8477 715 5480 5332 7290 533 8129 8310 1741 9473 2515 6081 5735 8075 4362 5234 7440 5538 4360 7604 6327 4840
40 6042 2830 6931 502 9984 6073 4082 5682 7751 3711 7709 2547 872 5352 133 4723 361 4800 5816 4086 9005 1945 4755 8065 4848 1731 6782 8777 4367 6784 240 1015 6029 9358 7474 1350 3829 6088 7641 969
20 5634 3169 2263 8613 4084 6554 1344 8581 468 5856 199 6449 2900 9448 5202 8860 3204 9567 9016 1357
22 3123 3856 6890 3914 7295 629 795 6710 134 1354 7765 8224 9087 5803 2984 5716 4421 3837 5393 3973 4206 8676
25 1717 7382 7793 4068 961 8820 1681 971 3528 7748 4931 5297 1395 7941 9736 4598 7587 9598 5187 4704 6336 4826 9614 5979 5656
39 4078 804 8406 7183 3350 9428 3346 6036 6874 7629 6989 2116 7157 9185 1409 7124 7546 5331 8827 4670 8301 3223 4620 7933 5155 195 4150 9124 2885 8100 9023 4735 4237 1916 7934 5779 5410 9558 9784
38 4466 3482 4503 2003 5574 73 3090 36 6567 5350 8976 3124 2576 3271 8031 3869 9487 4894 3965 7017 6840 11 6899 1878 1714 1626 7746 6532 6667 7726 4683 9971 3202 6217 8443 7747 4821 4347
20 4768 7175 1779 4560 9590 1521 3040 4017 1118 8677 6999 2033 2973 7924 2130 4893 4261 6682 7255 1041
38 2822 9742 3929 8134 8625 8193 4314 4486 8620 9986 1032 1516 1402 9618 6176 1452 278 3599 4164 6739 8198 5697 1476 4968 7687 607 3084 7342 8515 566 2510 7166 7223 5280 7424 2634 7260 9577
22 389 724 9243 4088 4896 779 8549 1996 1944 9994 1039 5311 9871 6368 3893 178 6072 5531 5389 1006 6934 5663
22 2921 6613 7047 5889 7191 879 7668 5079 8506 6572 8652 7706 8611 2577 7043 1063 1819 2292 5415 847 2750 7904
21 5371 4830 1734 7979 3682 4476 7381 7526 5376 943 6711 9917 5998 428 965 4819 5810 5246 9316 1335 136
22 6812 1824 534 6664 676 8439 7176 2258 8577 1609 6472 7407 67 4092 1467 7882 4727 5239 440 2131 260 2486
38 5777 3632 8227 9797 3518 4573 4307 6361 8469 8013 7039 9057 3849 6026 4351 2326 4492 8313 7357 3566 668 8163 6723 4449 9004 6053 2812 651 3936 8981 5430 9423 9438 1136 3403 9643 7936 722
42 5465 5336 9236 3950 2841 7086 8790 6389 7163 8238 9835 8296 2923 9081 5581 1416 4129 4043 8156 4987 6373 7736 4427 6101 6281 8179 3426 8685 5615 7711 717 6013 1943 9045 501 2441 8743 6332 6498 4254 4605 3436
42 5500 476 4318 2350 3009 2519 7299 8001 5090 7415 5175 5124 1935 8826 7702 2185 2256 5199 4865 9017 9985 3475 6165 6066 6489 3374 8088 1108 714 7517 7396 1937 2105 6303 3072 5736 4791 1851 8470 7886 6511 2436
19 4753 3775 5740 1809 3442 4677 3300 141 9178 8917 7213 5438 7973 1392 802 2727 9998 5139 8809
39 5959 9960 4057 6864 9817 8418 8564 250 3544 6276 8318 2946 3360 7612 1094 758 8960 9624 2625 5179 9639 9379 3022 5140 2612 4326 8788 2721 8241 9517 6153 8776 9748 5789 3769 4111 4690 8696 6588
20 1999 9764 1712 4909 1737 4408 8257 5506 5406 7330 3743 4515 8332 8329 2872 9893 4706 5078 9137 6196
37 9488 4397 7173 5116 1239 1282 9456 4950 8840 5121 1708 5770 9233 1963 5827 4059 2702 1901 129 142 4462 6986 695 6103 2405 4584 7923 4291 4437 2999 637 1150 8132 8167 6017 8909 2103
21 6229 839 2836 8547 3139 4817 4730 80 1121 8150 2097 1754 5198 2560 2251 2466 9046 5498 3714 7940 2461
20 6392 280 6610 3333 6150 4391 7488 8285 4083 8206 4504 4869 1695 2743 7586 367 8707 7064 8161 9926
40 7148 6687 4808 6234 9273 5086 6746 8012 9892 3780 8974 1256 1564 3416 3812 9060 6380 2708 4406 7023 8703 4211 6290 1912 1311 9181 88 4320 634 6818 196 4026 1486 2008 5375 6189 1399 7978 8479 7899
21 8220 773 2000 4957 3671 8293 9407 8463 1895 2183 8147 9332 8536 198 6873 1535 4438 1581 326 4663 9298
24 1711 1125 8678 2512 2756 2085 1236 9546 107 9990 110 5904 6318 1915 8512 1418 1706 3616 830 2792 8271 9516 8612 9684
19 175 9038 2524 1398 9719 8569 3427 2624 3229 3986 5488 7620 4918 1598 4525 5419 9749 1230 725
20 6197 6668 3899 130 1267 7679 1865 7316 789 790 4223 1618 5118 1642 9299 1221 6617 6938 8496 1478
21 1959 1817 2442 1410 3907 397 2868 8263 111 8894 2153 2408 6721 866 5373 4656 6050 500 1116 2932 1617
39 3590 1271 1407 5109 6922 7974 883 5760 4785 3797 6674 4835 7509 2800 3401 1496 9169 7143 4686 3933 9210 9859 3577 8302 1685 8527 8306 7121 192 5593 3092 2306 4674 8062 3580 2804 5240 411 3082
37 9413 3288 9584 276 7650 9549 3573 6738 8262 3105 560 8106 924 6757 6895 9312 8720 9626 8800 5494 8748 1202 2199 2336 1112 814 4746 5936 9579 5734 3308 2789 2467 7066 2016 2783 7917
36 6423 8440 8297 6117 7528 1787 5670 7927 5074 9260 5951 39 5974 947 9830 6400 4475 19 1696 9603 1628 5225 9881 5677 6251 6490 6012 8484 9916 5374 2850 4339 9873 8114 4915 973
41 3831 4107 5195 8875 4976 7286 1487 6652 4003 1792 8260 9993 5428 5993 1856 6743 2951 1763 2319 875 7504 9775 9722 1481 2566 372 7714 9953 7119 7730 7280 480 1967 24 5928 9650 9015 6865 5269 4576 7527
37 6603 4392 3316 4034 1462 9329 3170 2846 1269 6705 2887 249 9217 3525 8975 471 840 9896 3000 9541 1153 4210 8739 3838 7052 8555 2533 5882 2776 2067 2895 4962 6038 4419 7907 7215 519
38 570 9498 3027 2140 2966 6016 2710 9078 9006 5781 3515 8605 1761 1142 611 9659 7410 6528 8340 8738 8010 2905 5380 9221 3510 2257 7807 731 2088 9927 5161 3467 5489 4714 4963 3080 1864 419
30 1574 3209 2241 61 3953 5724 2167 4313 6215 9531 5749 7672 6213 6878 8761 6321 418 1858 1702 179 2073 9550 9061 5305 1017 3706 8032 8994 8712 806
23 6190 3533 8592 7864 2323 208 590 2331 8528 4542 886 8815 6018 6137 9959 6100 1832 8837 8082 1291 8795 3969 8806
20 8709 286 2152 6509 5258 555 185 7561 1603 1248 2891 4410 3828 8422 4113 6180 588 4763 2127 3115
38 9180 6257 8927 6032 5896 7065 1541 6230 6715 9976 9127 1960 4919 7692 5746 8401 9596 2700 6140 4928 315 7452 8962 8706 5686 4593 3459 6366 8782 9347 624 6633 6737 6561 6942 5561 2480 2507
20 5057 9887 3630 3201 5456 220 5446 8793 5045 5064 140 6187 2730 2220 2278 645 5098 9530 6381 9265
21 2922 5645 3128 4091 5751 9382 5102 8176 6393 7680 3078 9664 1126 729 4120 492 1117 8587 483 9386 5888
39 7576 1925 2890 4769 7323 9115 2439 9795 9808 6690 2100 1003 7321 2615 3211 2219 3805 8643 3445 658 3358 5011 2374 7512 4468 7523 1786 7281 1762 2706 7731 2716 7631 6960 2249 4635 537 1651 694
36 3448 7901 3991 7689 8841 8530 8575 675 8920 7046 3794 1182 8752 8807 169 9513 4035 5572 3768 317 3676 6355 1500 5445 5091 3998 9025 9934 9863 3173 9003 953 7322 6598 5392 4300
21 7324 5939 6640 6092 9702 6912 6658 9133 3167 1431 3298 4906 6388 9796 7795 6512 5617 3414 7507 6514 7266
37 5046 2202 5908 7230 3557 6868 43 1730 9126 8089 2913 1262 5833 6426 369 3409 5825 6964 1757 2816 3200 2363 9193 4270 2638 8779 262 7192 8244 5526 6397 1550 788 4881 224 3642 7492
41 152 1038 1021 6474 663 5307 3205 3520 7993 3388 8325 4281 9677 9739 8963 4633 2237 8051 8867 595 8367 6604 3787 284 298 7197 7977 1546 8802 9924 1209 5536 3457 9687 7319 7839 3038 6732 9354 2659 5517
21 7937 7487 7358 460 5460 6520 3703 308 3299 1081 5055 6918 3453 6082 7739 9232 9297 2492 4604 3738 2240
20 3875 90 9756 5696 2358 2429 1222 4745 2961 2009 3892 7830 4583 2683 7615 2110 4085 8537 9711 4022
39 2417 1424 8851 9811 5829 15 5435 9975 9149 7135 4921 798 7247 1294 4213 5594 7829 7975 2271 2580 5620 757 3572 876 2437 7520 5996 2104 4877 5805 3041 2737 4998 7772 6542 9109 1993 6065 7264
21 4052 626 7611 8327 6444 738 6167 7592 6523 332 5279 2825 1962 6749 700 8999 3184 1246 9783 1992 4558
23 1048 6897 7402 4311 1448 8500 6286 794 2179 6097 2028 7068 8665 4180 3942 30 8288 3109 7578 4861 1649 9319 7250
30 5876 5260 8644 1893 417 422 5797 173 793 4363 4130 2610 1459 5664 3441 6540 5924 7803 4541 4016 6568 3561 7665 4426 5286 6 2046 4297 2819 5907
20 8980 1512 6765 5534 1855 53 7878 8460 8316 6666 3055 5766 8938 7962 4761 6432 5205 5463 9026 118
22 9168 1130 1807 3746 404 9241 7359 200 7268 7071 2255 9228 9694 3461 214 1828 7585 8300 348 4491 1251 3526
36 9014 9443 5334 6258 9073 8277 740 662 7660 5900 2931 9908 1034 2463 1853 3672 5040 1224 7225 549 4253 8474 9108 9903 857 4959 2927 7521 6052 6074 1891 1697 5551 2296 7559 5255
41 1577 7030 9075 4535 2578 4393 3033 3513 9457 2318 4241 521 1988 5200 8334 1145 6998 3927 6649 7961 6247 2628 542 3521 5873 7897 3559 197 4450 6201 77 621 882 2911 287 4516 9544 6843 5320 7162 9346
21 4189 4447 9913 5914 170 8445 5714 3335 6764 6630 7473 2651 3434 9043 5426 2315 2200 6487 7762 4269 9373
41 2758 5160 1060 6992 874 1197 5313 3537 2673 499 2542 6385 753 8813 5847 1103 6147 8759 2445 247 9875 3296 5449 2619 2784 7754 1686 1580 344 9285 4995 8895 8916 3758 4268 2620 7806 1690 6135 6441 4361
40 3440 1187 5532 26 9416 4009 813 8679 1012 685 5700 7955 4857 1002 5661 9068 8883 7265 1382 3499 2379 1720 6555 3093 3593 5437 1497 9819 2751 6339 9582 415 9535 5678 7861 7123 6955 7568 3531 8799
40 8424 2191 9635 5112 2860 3275 5351 7896 8517 6296 3364 9728 609 5122 1866 1876 2653 2447 1338 6199 9578 5328 9013 6848 2729 9686 6086 2618 4688 7858 3796 8582 5780 8941 1345 3857 4364 2494 9478 5885
22 7653 1492 8971 8464 3744 6255 5706 5010 87 3545 9910 8967 4295 6129 9800 7171 1927 9587 3880 4879 5630 6662
22 7883 7720 5069 4870 1175 6123 4221 4452 5278 2802 9839 1069 3795 4161 6483 1488 5958 2070 370 8525 3809 3338
19 660 4632 8120 1600 605 8798 2738 4938 4483 5578 7059 3879 8140 4146 5013 3125 5468 6019 8359
22 9670 5455 482 256 3867 3150 6657 5125 6979 1871 3850 5584 4582 7701 8601 4424 4051 6039 268 3012 727 242
20 4071 352 4067 6407 1907 4942 541 689 5133 3925 7423 2276 1046 4332 9483 6807 1450 2974 8930 7920
21 78 4805 8170 1700 3391 408 8093 9583 5301 4792 8153 3631 3456 2645 210 9196 1173 8519 4404 6020 4932
21 2182 4797 5815 6563 171 1854 1735 6236 1307 5906 6976 2606 5840 6591 2949 64 2128 9641 672 4007 6391
21 9189 8545 1437 8566 8261 593 9540 5138 3604 3158 4929 8369 1742 1544 1482 3692 9098 7129 6695 272 921
21 9371 9992 2205 9385 7579 7715 7375 7227 22 2415 5429 4882 9249 6780 8842 6398 1887 6877 6853 763 8059
21 8141 7851 3720 7015 7458 9397 6464 3348 6978 3320 6893 2044 1870 6375 5443 1886 5252 6958 1400 3017 8173
39 4764 4796 9441 108 8438 7416 1923 8410 8423 8627 6329 9690 9857 9179 8142 1667 1457 14 8758 4143 761 3999 7057 8382 7169 3627 7490 6317 1454 9353 2567 5685 3816 8037 4897 8819 4063 98 3116
36 8995 4501 8027 6936 2395 4788 9184 3882 597 4497 76 225 6345 5114 6106 3884 599 9532 5788 8342 114 8852 2883 7595 6832 7508 1115 4619 8953 3962 5774 3062 3918 8265 4977 2288
23 4974 5583 6871 7986 4636 9909 2748 3803 5757 5976 9420 2763 5701 5108 6060 2671 6166 9040 4738 6195 9230 6458 2159
44 327 3902 5241 8481 9128 4126 5671 1004 6419 3185 2892 5142 203 6927 1128 3585 1137 4839 2245 4070 8107 9401 6984 4709 7263 1110 4176 10 4038 1995 5764 3588 1947 9642 3583 2357 8891 3589 1991 4135 2809 9163 5638 2980
40 9053 9890 6347 928 9966 8584 3091 8897 6218 4413 3313 9529 1880 2314 4943 1054 2290 5989 8304 46 3564 3523 3221 6420 5217 316 8742 5017 818 2248 4271 3717 2523 7089 3024 6626 5361 1235 447 2149
21 4935 8152 4099 6410 5654 7061 209 8349 3785 8215 2948 8722 1879 7953 1664 5730 6302 6387 8608 6987 890
22 3387 9213 7329 7351 5713 6985 745 7880 5159 3989 3402 8552 2878 1929 1498 5947 2225 3961 4780 8947 2676 9574
21 9435 8590 563 6382 837 7022 4377 4880 7401 8499 3553 5830 430 9334 9390 2034 8319 3378 3549 9396 9834
22 3491 2381 552 667 3954 5020 4627 3079 4724 9733 9973 9012 6813 600 6544 6742 4027 8461 3088 9901 8705 7444
22 3060 405 6595 2971 6237 4192 3443 3326 2322 219 3336 3146 7785 1102 1401 5956 5248 4534 6527 3666 1334 988
37 8346 698 1186 5895 2815 3757 2058 9745 1098 1671 4665 3273 9651 1661 5214 9276 4054 2246 1164 5858 160 8456 1031 3910 4741 3369 2264 2537 6041 8305 2487 7966 3218 8548 1268 7471 6246
20 4119 2517 3681 3987 8204 8954 2129 1485 4055 4822 4375 6581 9389 5067 4676 6953 9426 307 3029 7686
36 835 6885 2198 1956 3643 7976 2137 792 7441 4044 4158 1435 6454 2316 5808 6175 2216 2270 148 1775 770 2503 2865 9661 1374 6077 787 8247 8979 5950 166 9071 5216 2668 4871 7820
21 681 6096 6791 5846 4458 3811 3122 8050 5390 2538 4243 6948 3199 4157 9283 1511 9262 7208 1970 154 9840
23 5266 3581 6214 6093 350 9967 3318 1917 2142 3340 5222 4728 8437 5890 6951 7077 1662 6453 5590 8702 244 1844 3658
23 719 601 6785 5898 8885 9621 215 7259 7800 4134 1028 7664 9526 7766 6719 7696 5767 1114 1673 1231 8056 4770 2605
20 7138 8724 5595 8431 2755 8714 5744 2771 5312 2176 5035 6648 7459 9381 9666 1613 7813 3754 1101 3509
40 586 8453 7216 1491 7253 7109 5251 2569 690 2158 902 1083 83 3563 2416 3778 1146 8490 6119 6905 7040 4837 7051 5902 8344 9374 2079 8940 6769 4608 3909 6654 5276 7435 5712 2099 6264 6647 5644 4644
20 577 3704 416 40 8234 6753 1009 8251 5704 3110 1444 3356 4382 6338 8534 6712 7684 1043 7160 4073
21 3922 1942 3772 8503 9079 4834 9856 1804 3821 1610 1749 8413 239 58 4471 1122 3928 5123 9195 2688 3750
19 5835 6227 4989 271 9559 5436 8727 2908 8642 1074 7195 5689 1406 2982 6323 9551 6900 3915 6071
38 9151 8544 1833 8205 7694 5310 2535 791 6703 8673 9848 3912 4334 4657 6378 7792 6696 3343 7999 3007 913 3966 8229 4569 2284 4336 2896 8606 6324 2311 7050 9030 1655 2143 5002 8307 7774 4329
23 526 7539 4765 4327 2353 1430 6267 2433 6163 2061 7610 7000 907 7860 6836 2077 3641 414 2307 8199 2827 579 5814
37 8858 5130 3937 9522 2135 8266 9803 5784 841 4736 1096 9815 359 7589 918 7844 5646 3574 5003 9779 1180 1077 6467 7600 4319 8084 9667 8736 7991 4682 3906 9452 9829 7593 9918 1185 697
37 2139 3181 7496 5247 1597 4005 2375 3647 8783 1259 7032 2148 8639 8650 7053 7155 1640 8379 5891 5321 4173 8853 5709 808 2115 4490 8846 2712 4913 2268 4461 9866 8514 283 3021 1911 592
41 1579 7229 5008 5721 1976 1325 4227 1674 4089 3715 8025 1189 1158 5083 6178 5782 1170 7102 9292 2309 608 488 5995 1782 2162 2597 8836 4721 3842 4411 1227 6573 9987 3083 578 3957 1001 9607 1773 8392 7502
40 3016 5552 766 1014 2570 6283 9489 3541 8649 8289 8391 4591 8231 8384 1719 4934 1088 3193 7428 2598 3097 1514 506 8326 3154 8648 2376 640 3214 8708 6932 3207 7900 5960 5257 3540 2956 496 3143 6575
22 2234 1466 3492 5555 2526 3050 6322 1412 3871 8645 4370 2260 4284 2877 7623 7493 9570 6518 3046 6827 4899 1324
22 6261 3042 8472 8565 9039 2253 2339 5912 7866 4117 2001 1290 9793 527 2589 6433 9564 6621 4836 9345 7366 3924
22 7678 306 1030 3579 3126 3623 5867 8111 4315 7693 7024 1837 636 3415 4862 8942 2889 9553 7433 3690 4668 5684
37 5014 3076 7251 2195 7383 5210 7412 7960 9491 230 4062 4021 5417 7663 5346 3129 1403 8866 7832 8 4939 9331 296 8632 6289 3948 9253 1279 9788 439 2848 7002 8585 9161 9841 2217 2254
41 3709 3832 7574 5938 2244 7742 5945 3847 8239 435 8036 4388 7847 2760 8832 3314 4546 2617 7893 8190 9674 5186 2941 3967 3843 5141 6679 6771 4155 2778 4287 20 8660 2501 6673 2915 8402 6390 5204 6730 6202
40 7277 9445 2332 4169 2399 4966 1562 9494 3281 1549 5382 6287 3020 9458 2534 3514 4488 3418 8333 3419 4451 3428 6067 9399 8427 2545 8902 6040 3493 4984 1798 9613 5491 5948 6496 2556 1653 3554 5486 3232
22 207 6796 3312 9804 7232 3186 630 2853 8476 6069 4435 4456 6010 6006 2372 7758 1161 241 646 508 4208 8881
21 6570 8184 1896 7014 7516 2767 9462 7538 7240 8486 6188 4544 5811 1280 5720 9421 2226 834 2022 1273 1605
22 8786 3179 49 8829 6313 1042 5742 7317 8700 9363 7863 4100 7001 2171 751 9430 131 7591 3261 4405 5893 5364
21 3766 3025 3656 6756 294 5126 7028 3984 8042 3398 9090 7645 7949 2967 9673 4750 6962 6083 5431 3357 3270
42 1134 2163 6319 3460 69 906 4248 4858 679 7541 3777 6037 2522 9964 799 7948 1439 1047 6628 5773 992 6896 6297 1162 7301 7073 7799 1277 7868 7644 1281 2498 3993 7856 7246 4058 2594 8216 1315 6121 75 2107
21 9106 8299 4166 2557 5461 9139 3049 7988 9362 5434 4163 6252 8448 4511 1458 8990 2224 9981 3263 6349 7113
24 8103 2223 3562 5041 5345 4046 6113 8966 466 7338 2917 6740 4691 4064 2857 3095 782 6156 9214 7273 1366 6035 5745 7034
21 1813 6980 6888 3322 5940 4587 6731 6128 2194 6675 8511 7009 3368 7363 6786 335 8571 2639 4778 6700 7311
23 8598 3660 7794 314 7394 4006 6351 706 2298 4734 6328 6256 7767 6310 109 3806 7431 733 3895 303 9706 1582 9519
22 2038 2091 548 7929 5668 8910 6551 6902 9954 1693 5304 4892 8989 2657 6450 2060 2108 299 9534 9730 2871 5607
20 9601 7511 5903 3694 1776 4694 9622 9725 7390 9056 881 7076 5259 6996 8550 6565 4482 1058 7780 1814
33 9392 3075 726 5156 5128 9520 1913 2301 150 1882 7078 7462 5413 7334 4823 4132 877 2981 2741 6521 2975 4911 7241 3736 269 8888 3699 8647 6619 1347 3239 6415 1634
20 7782 94 1040 9304 4200 3242 5157 1657 204 7257 5404 865 7005 1771 7044 6530 4094 8113 6549 7193
36 3873 9136 5136 2858 9836 3610 6622 7054 74 3176 7503 2382 1321 5135 7853 8370 5692 2164 1733 401 6903 7465 3994 5719 1877 235 581 5870 1385 2189 2444 3901 2901 9404 9969 8636
22 3216 7781 910 6003 8699 4018 8711 2591 8828 1007 4489 7108 9372 7308 2082 3108 5662 650 6759 3255 4731 6536
40 8078 2765 446 3417 167 3669 1420 1679 4262 4519 3131 2859 1744 9923 2015 4378 6353 6689 4618 8086 1008 9048 1687 6517 821 9335 4705 6431 3157 9134 8061 9422 2119 6776 8187 696 9330 4037 9982 4131
23 1826 2847 3575 9933 9175 952 6481 8754 6817 4758 5403 4293 8507 3629 9367 4851 4109 56 6045 4399 829 7971 1663
39 9191 3145 1539 4773 9286 979 8368 7110 6538 6160 7336 301 2080 8066 8489 5519 9011 7932 5340 7093 4649 8212 9225 9503 2978 2294 5342 4407 2731 426 5586 2345 4827 6722 6524 1559 869 8096 4275
40 7674 2607 7448 4803 6275 1217 5348 1784 4465 5425 3742 9412 7377 6646 2165 1461 3137 8498 5174 4847 1286 1940 9357 708 4121 3498 632 5337 5812 8637 9148 8165 852 7729 7997 1484 5930 8964 1508 9600
20 8044 7606 9131 6459 5860 9831 6112 927 3678 7816 6582 5854 3646 5356 6714 4010 7783 4876 5892 1208
20 3155 5944 6819 1152 504 8970 311 261 4652 70 8159 8455 4425 2893 3344 8139 8023 5750 7685 4536
39 8450 7418 8502 8366 2604 6925 873 6618 3151 1411 5568 546 5291 954 6670 4549 2047 2723 3732 2831 3538 4000 4613 7619 2109 2360 692 3930 1333 2779 940 4872 3345 1607 282 5418 9510 8694 7796
21 3187 4581 6879 8356 4529 8663 8006 3486 8377 9854 8330 4290 5441 4343 895 6134 8764 5573 7943 5111 4041
36 3636 929 9104 9930 9150 1969 606 4524 6162 7455 7536 54 3454 3705 9002 8095 7834 2133 9083 8048 5250 9680 9198 4979 7583 3727 4666 6002 9947 5285 7817 371 9100 3530 4594 9307
22 6198 4114 2156 687 5127 9772 9302 4350 3905 8483 525 6914 1585 709 6945 4312 3213 7994 8186 2208 1561 346
22 4182 2583 4951 7060 1390 6485 1131 5218 5274 465 5322 2062 6693 855 5265 5191 1606 3068 4787 7070 2361 6109
22 4891 4801 8128 8073 9408 4195 5542 7891 1306 9339 2068 1723 7443 3449 7919 1830 6226 5741 1743 7098 7 1362
20 3353 1204 1365 2228 5181 2218 3272 4874 2788 9562 7387 4002 3685 157 8597 514 1240 5986 3485 797
44 6507 9814 3551 4238 2876 3396 357 3755 319 6615 5935 6412 452 7983 7404 6829 539 9588 2821 8425 2988 5103 1356 7862 4484 9789 7480 7128 4681 5946 5582 5813 5937 2385 1010 9767 3474 4354 8583 7608 2007 2678 6576 63
38 2584 2440 596 4660 7744 5082 5901 9898 3234 9921 1557 2548 5913 7104 3026 6629 5487 3327 7127 6043 7786 8102 4342 6858 2072 2197 889 4138 7152 2942 4224 3226 1727 8092 4707 5284 1868 7887
38 701 4433 6168 7116 2701 2468 9585 9437 5146 3774 8889 1172 331 1188 3786 3370 193 2087 2402 6949 7814 1381 5824 7055 1974 5101 4884 8219 9900 4532 7214 3138 1027 8412 503 5273 5065 3767
38 5482 6330 551 2169 9754 2166 2138 4975 2613 1897 4095 5096 1436 7288 3028 4855 5409 8200 5688 1955 742 4216 3861 9536 752 3352 9170 8803 9001 6377 491 3645 5481 4585 3555 8194 470 6148
39 820 1568 3693 2693 2614 2049 232 5228 8646 7483 1317 8628 384 5290 6182 153 8610 7898 6760 1803 6131 7469 3626 5019 942 6631 1951 2626 251 9710 1629 2881 1255 4353 8945 9847 4875 9837 3227
23 4611 5535 5756 5462 4415 2036 784 5863 5053 9870 4997 3277 9187 6665 6414 8713 8242 297 7103 2272 5164 410 2438
37 5832 7639 8903 9219 5308 289 9504 1245 8000 3865 1643 3058 4212 1701 5075 7238 4328 5631 2726 853 4102 3087 8635 8789 5575 9342 5294 7705 5344 4981 5729 3404 936 5365 2528 8465 1766
22 5254 1599 9957 4807 4239 1422 4784 9874 3225 7915 5496 3908 3315 6585 394 9455 3853 2695 985 4133 4863 9638
39 2870 2098 7205 4259 7244 6102 721 7910 888 3215 4888 8245 4689 1144 3034 3674 7700 7236 4191 1190 9171 867 6477 3133 3977 9450 5599 1337 9034 6761 8117 860 617 4890 2925 2561 977 7341 6614
20 6975 1191 656 3679 653 6304 7347 6312 9499 1849 8191 4992 9672 7831 3657 999 5651 4499 7716 2196
40 6430 5524 9117 9470 5377 4386 4983 2346 3625 3724 871 360 5963 2699 5817 8341 2283 3814 1 7285 6875 8735 9472 1331 5316 1005 7287 4222 7477 3988 3734 4197 5609 4257 9152 1106 5851 7555 3107 5738
38 7849 8090 2550 2954 1772 4144 515 8913 9648 6550 135 1215 2262 3771 1914 6365 4623 4103 9162 8869 2277 2102 1018 9945 349 9637 1716 3237 1981 6181 6637 448 6161 3970 7903 7178 1099 5987
37 2717 7256 9447 5476 5855 9625 1689 4642 194 2286 3548 9628 1147 125 3477 9668 6851 955 6110 1426 6558 7548 2579 614 186 2796 7683 1449 2718 641 6008 1801 1678 5178 2134 711 2084
24 2995 5588 9696 4236 5197 3919 4249 9777 5166 9235 2797 980 1020 3330 7355 1244 3317 914 5095 8599 398 5799 7067 4920
22 4467 7914 8183 3051 1675 3764 7957 2920 6446 4025 8211 2230 9812 1389 5894 3377 99 7564 505 7495 9000 1200
20 1566 9594 6720 2855 429 9899 3118 9121 5396 6944 4432 4032 5411 5330 2006 9323 4453 3248 1296 5743
20 156 2849 8372 4701 6635 1745 6677 2221 7598 5439 4864 2513 8189 8115 4748 3963 1391 1073 7041 7819
39 9475 2446 9340 159 9257 9787 3172 5598 2992 771 2289 1676 2030 7188 4379 6601 512 4373 6146 2806 1471 3976 8656 4013 7562 7895 1669 7734 9069 4020 5110 41 2904 451 7371 5513 7533 849 4188
24 6428 7833 688 5934 7335 3762 1123 5318 4828 1149 7468 363 8131 38 933 2066 1091 7112 7199 6644 4470 100 9965 8069
43 45 8033 2603 2772 5383 182 5537 9095 8108 704 7393 2983 7374 1526 9703 781 231 693 3512 3293 3222 2192 562 5145 8079 9496 4624 8188 3163 1930 7647 1396 7930 4561 8024 3349 3279 4256 655 3808 124 8385 1199
